Build output check failed:
    Regex: 'command line option .* is valid for .* but not for C\+\+'
    Output line: 'cc1plus: warning: command line option ‘-Wmissing-prototypes’ is valid for C/ObjC but not for C++'
Compilation failed:
    source file: '/home/cleverson/pessoal/cleverson/workspace/mestrado/detector_humanos/OpenCV/build/CMakeFiles/CMakeTmp/src.cxx'
    check option: ' -fsigned-char -W -Wall -Werror=return-type -Werror=non-virtual-dtor -Werror=address -Werror=sequence-point -Wformat -Werror=format-security -Wmissing-declarations  -Wmissing-prototypes'
===== BUILD LOG =====
Change Dir: /home/cleverson/pessoal/cleverson/workspace/mestrado/detector_humanos/OpenCV/build/CMakeFiles/CMakeTmp

Run Build Command:"/usr/bin/make" "cmTC_df1aa/fast"
/usr/bin/make -f CMakeFiles/cmTC_df1aa.dir/build.make CMakeFiles/cmTC_df1aa.dir/build
make[1]: Entering directory '/home/cleverson/pessoal/cleverson/workspace/mestrado/detector_humanos/OpenCV/build/CMakeFiles/CMakeTmp'
Building CXX object CMakeFiles/cmTC_df1aa.dir/src.cxx.o
/usr/bin/c++     -O3 -DNDEBUG   -fsigned-char -W -Wall -Werror=return-type -Werror=non-virtual-dtor -Werror=address -Werror=sequence-point -Wformat -Werror=format-security -Wmissing-declarations -Wmissing-prototypes -o CMakeFiles/cmTC_df1aa.dir/src.cxx.o -c /home/cleverson/pessoal/cleverson/workspace/mestrado/detector_humanos/OpenCV/build/CMakeFiles/CMakeTmp/src.cxx
cc1plus: warning: command line option ‘-Wmissing-prototypes’ is valid for C/ObjC but not for C++
/home/cleverson/pessoal/cleverson/workspace/mestrado/detector_humanos/OpenCV/build/CMakeFiles/CMakeTmp/src.cxx:1:0: warning: ignoring #pragma   [-Wunknown-pragmas]
 #pragma
 
Linking CXX executable cmTC_df1aa
/usr/bin/cmake -E cmake_link_script CMakeFiles/cmTC_df1aa.dir/link.txt --verbose=1
/usr/bin/c++     -O3 -DNDEBUG    CMakeFiles/cmTC_df1aa.dir/src.cxx.o  -o cmTC_df1aa -rdynamic 
make[1]: Leaving directory '/home/cleverson/pessoal/cleverson/workspace/mestrado/detector_humanos/OpenCV/build/CMakeFiles/CMakeTmp'

===== END =====

Build output check failed:
    Regex: 'command line option .* is valid for .* but not for C\+\+'
    Output line: 'cc1plus: warning: command line option ‘-Wstrict-prototypes’ is valid for C/ObjC but not for C++'
Compilation failed:
    source file: '/home/cleverson/pessoal/cleverson/workspace/mestrado/detector_humanos/OpenCV/build/CMakeFiles/CMakeTmp/src.cxx'
    check option: ' -fsigned-char -W -Wall -Werror=return-type -Werror=non-virtual-dtor -Werror=address -Werror=sequence-point -Wformat -Werror=format-security -Wmissing-declarations  -Wstrict-prototypes'
===== BUILD LOG =====
Change Dir: /home/cleverson/pessoal/cleverson/workspace/mestrado/detector_humanos/OpenCV/build/CMakeFiles/CMakeTmp

Run Build Command:"/usr/bin/make" "cmTC_c4293/fast"
/usr/bin/make -f CMakeFiles/cmTC_c4293.dir/build.make CMakeFiles/cmTC_c4293.dir/build
make[1]: Entering directory '/home/cleverson/pessoal/cleverson/workspace/mestrado/detector_humanos/OpenCV/build/CMakeFiles/CMakeTmp'
Building CXX object CMakeFiles/cmTC_c4293.dir/src.cxx.o
/usr/bin/c++     -O3 -DNDEBUG   -fsigned-char -W -Wall -Werror=return-type -Werror=non-virtual-dtor -Werror=address -Werror=sequence-point -Wformat -Werror=format-security -Wmissing-declarations -Wstrict-prototypes -o CMakeFiles/cmTC_c4293.dir/src.cxx.o -c /home/cleverson/pessoal/cleverson/workspace/mestrado/detector_humanos/OpenCV/build/CMakeFiles/CMakeTmp/src.cxx
cc1plus: warning: command line option ‘-Wstrict-prototypes’ is valid for C/ObjC but not for C++
/home/cleverson/pessoal/cleverson/workspace/mestrado/detector_humanos/OpenCV/build/CMakeFiles/CMakeTmp/src.cxx:1:0: warning: ignoring #pragma   [-Wunknown-pragmas]
 #pragma
 
Linking CXX executable cmTC_c4293
/usr/bin/cmake -E cmake_link_script CMakeFiles/cmTC_c4293.dir/link.txt --verbose=1
/usr/bin/c++     -O3 -DNDEBUG    CMakeFiles/cmTC_c4293.dir/src.cxx.o  -o cmTC_c4293 -rdynamic 
make[1]: Leaving directory '/home/cleverson/pessoal/cleverson/workspace/mestrado/detector_humanos/OpenCV/build/CMakeFiles/CMakeTmp'

===== END =====

Build output check failed:
    Regex: 'command line option .* is valid for .* but not for C'
    Output line: 'cc1: warning: command line option ‘-Wsign-promo’ is valid for C++/ObjC++ but not for C'
Compilation failed:
    source file: '/home/cleverson/pessoal/cleverson/workspace/mestrado/detector_humanos/OpenCV/build/CMakeFiles/CMakeTmp/src.c'
    check option: ' -fsigned-char -W -Wall -Werror=return-type -Werror=non-virtual-dtor -Werror=address -Werror=sequence-point -Wformat -Werror=format-security -Wmissing-declarations -Wmissing-prototypes -Wstrict-prototypes -Wundef -Winit-self -Wpointer-arith -Wshadow  -Wsign-promo'
===== BUILD LOG =====
Change Dir: /home/cleverson/pessoal/cleverson/workspace/mestrado/detector_humanos/OpenCV/build/CMakeFiles/CMakeTmp

Run Build Command:"/usr/bin/make" "cmTC_34a34/fast"
/usr/bin/make -f CMakeFiles/cmTC_34a34.dir/build.make CMakeFiles/cmTC_34a34.dir/build
make[1]: Entering directory '/home/cleverson/pessoal/cleverson/workspace/mestrado/detector_humanos/OpenCV/build/CMakeFiles/CMakeTmp'
Building C object CMakeFiles/cmTC_34a34.dir/src.c.o
/usr/bin/cc    -O3 -DNDEBUG   -fsigned-char -W -Wall -Werror=return-type -Werror=non-virtual-dtor -Werror=address -Werror=sequence-point -Wformat -Werror=format-security -Wmissing-declarations -Wmissing-prototypes -Wstrict-prototypes -Wundef -Winit-self -Wpointer-arith -Wshadow -Wsign-promo -o CMakeFiles/cmTC_34a34.dir/src.c.o   -c /home/cleverson/pessoal/cleverson/workspace/mestrado/detector_humanos/OpenCV/build/CMakeFiles/CMakeTmp/src.c
cc1: warning: command line option ‘-Wsign-promo’ is valid for C++/ObjC++ but not for C
/home/cleverson/pessoal/cleverson/workspace/mestrado/detector_humanos/OpenCV/build/CMakeFiles/CMakeTmp/src.c:1:0: warning: ignoring #pragma   [-Wunknown-pragmas]
 #pragma
 
Linking C executable cmTC_34a34
/usr/bin/cmake -E cmake_link_script CMakeFiles/cmTC_34a34.dir/link.txt --verbose=1
/usr/bin/cc    -O3 -DNDEBUG    CMakeFiles/cmTC_34a34.dir/src.c.o  -o cmTC_34a34 -rdynamic 
make[1]: Leaving directory '/home/cleverson/pessoal/cleverson/workspace/mestrado/detector_humanos/OpenCV/build/CMakeFiles/CMakeTmp'

===== END =====

Build output check failed:
    Regex: 'command line option .* is valid for .* but not for C'
    Output line: 'cc1: warning: command line option ‘-Wno-delete-non-virtual-dtor’ is valid for C++/ObjC++ but not for C'
Compilation failed:
    source file: '/home/cleverson/pessoal/cleverson/workspace/mestrado/detector_humanos/OpenCV/build/CMakeFiles/CMakeTmp/src.c'
    check option: ' -fsigned-char -W -Wall -Werror=return-type -Werror=non-virtual-dtor -Werror=address -Werror=sequence-point -Wformat -Werror=format-security -Wmissing-declarations -Wmissing-prototypes -Wstrict-prototypes -Wundef -Winit-self -Wpointer-arith -Wshadow -Wno-narrowing  -Wno-delete-non-virtual-dtor'
===== BUILD LOG =====
Change Dir: /home/cleverson/pessoal/cleverson/workspace/mestrado/detector_humanos/OpenCV/build/CMakeFiles/CMakeTmp

Run Build Command:"/usr/bin/make" "cmTC_4bc3b/fast"
/usr/bin/make -f CMakeFiles/cmTC_4bc3b.dir/build.make CMakeFiles/cmTC_4bc3b.dir/build
make[1]: Entering directory '/home/cleverson/pessoal/cleverson/workspace/mestrado/detector_humanos/OpenCV/build/CMakeFiles/CMakeTmp'
Building C object CMakeFiles/cmTC_4bc3b.dir/src.c.o
/usr/bin/cc    -O3 -DNDEBUG   -fsigned-char -W -Wall -Werror=return-type -Werror=non-virtual-dtor -Werror=address -Werror=sequence-point -Wformat -Werror=format-security -Wmissing-declarations -Wmissing-prototypes -Wstrict-prototypes -Wundef -Winit-self -Wpointer-arith -Wshadow -Wno-narrowing -Wno-delete-non-virtual-dtor -o CMakeFiles/cmTC_4bc3b.dir/src.c.o   -c /home/cleverson/pessoal/cleverson/workspace/mestrado/detector_humanos/OpenCV/build/CMakeFiles/CMakeTmp/src.c
cc1: warning: command line option ‘-Wno-delete-non-virtual-dtor’ is valid for C++/ObjC++ but not for C
/home/cleverson/pessoal/cleverson/workspace/mestrado/detector_humanos/OpenCV/build/CMakeFiles/CMakeTmp/src.c:1:0: warning: ignoring #pragma   [-Wunknown-pragmas]
 #pragma
 
Linking C executable cmTC_4bc3b
/usr/bin/cmake -E cmake_link_script CMakeFiles/cmTC_4bc3b.dir/link.txt --verbose=1
/usr/bin/cc    -O3 -DNDEBUG    CMakeFiles/cmTC_4bc3b.dir/src.c.o  -o cmTC_4bc3b -rdynamic 
make[1]: Leaving directory '/home/cleverson/pessoal/cleverson/workspace/mestrado/detector_humanos/OpenCV/build/CMakeFiles/CMakeTmp'

===== END =====

Build output check failed:
    Regex: 'unrecognized .*option'
    Output line: 'cc1plus: warning: unrecognized command line option ‘-Wno-unnamed-type-template-args’'
Compilation failed:
    source file: '/home/cleverson/pessoal/cleverson/workspace/mestrado/detector_humanos/OpenCV/build/CMakeFiles/CMakeTmp/src.cxx'
    check option: ' -fsigned-char -W -Wall -Werror=return-type -Werror=non-virtual-dtor -Werror=address -Werror=sequence-point -Wformat -Werror=format-security -Wmissing-declarations -Wundef -Winit-self -Wpointer-arith -Wshadow -Wsign-promo -Wno-narrowing -Wno-delete-non-virtual-dtor  -Wno-unnamed-type-template-args'
===== BUILD LOG =====
Change Dir: /home/cleverson/pessoal/cleverson/workspace/mestrado/detector_humanos/OpenCV/build/CMakeFiles/CMakeTmp

Run Build Command:"/usr/bin/make" "cmTC_50ca6/fast"
/usr/bin/make -f CMakeFiles/cmTC_50ca6.dir/build.make CMakeFiles/cmTC_50ca6.dir/build
make[1]: Entering directory '/home/cleverson/pessoal/cleverson/workspace/mestrado/detector_humanos/OpenCV/build/CMakeFiles/CMakeTmp'
Building CXX object CMakeFiles/cmTC_50ca6.dir/src.cxx.o
/usr/bin/c++     -O3 -DNDEBUG   -fsigned-char -W -Wall -Werror=return-type -Werror=non-virtual-dtor -Werror=address -Werror=sequence-point -Wformat -Werror=format-security -Wmissing-declarations -Wundef -Winit-self -Wpointer-arith -Wshadow -Wsign-promo -Wno-narrowing -Wno-delete-non-virtual-dtor -Wno-unnamed-type-template-args -o CMakeFiles/cmTC_50ca6.dir/src.cxx.o -c /home/cleverson/pessoal/cleverson/workspace/mestrado/detector_humanos/OpenCV/build/CMakeFiles/CMakeTmp/src.cxx
/home/cleverson/pessoal/cleverson/workspace/mestrado/detector_humanos/OpenCV/build/CMakeFiles/CMakeTmp/src.cxx:1:0: warning: ignoring #pragma   [-Wunknown-pragmas]
 #pragma
 
cc1plus: warning: unrecognized command line option ‘-Wno-unnamed-type-template-args’
Linking CXX executable cmTC_50ca6
/usr/bin/cmake -E cmake_link_script CMakeFiles/cmTC_50ca6.dir/link.txt --verbose=1
/usr/bin/c++     -O3 -DNDEBUG    CMakeFiles/cmTC_50ca6.dir/src.cxx.o  -o cmTC_50ca6 -rdynamic 
make[1]: Leaving directory '/home/cleverson/pessoal/cleverson/workspace/mestrado/detector_humanos/OpenCV/build/CMakeFiles/CMakeTmp'

===== END =====

Build output check failed:
    Regex: 'unrecognized .*option'
    Output line: 'cc1: warning: unrecognized command line option ‘-Wno-unnamed-type-template-args’'
Compilation failed:
    source file: '/home/cleverson/pessoal/cleverson/workspace/mestrado/detector_humanos/OpenCV/build/CMakeFiles/CMakeTmp/src.c'
    check option: ' -fsigned-char -W -Wall -Werror=return-type -Werror=non-virtual-dtor -Werror=address -Werror=sequence-point -Wformat -Werror=format-security -Wmissing-declarations -Wmissing-prototypes -Wstrict-prototypes -Wundef -Winit-self -Wpointer-arith -Wshadow -Wno-narrowing  -Wno-unnamed-type-template-args'
===== BUILD LOG =====
Change Dir: /home/cleverson/pessoal/cleverson/workspace/mestrado/detector_humanos/OpenCV/build/CMakeFiles/CMakeTmp

Run Build Command:"/usr/bin/make" "cmTC_15d25/fast"
/usr/bin/make -f CMakeFiles/cmTC_15d25.dir/build.make CMakeFiles/cmTC_15d25.dir/build
make[1]: Entering directory '/home/cleverson/pessoal/cleverson/workspace/mestrado/detector_humanos/OpenCV/build/CMakeFiles/CMakeTmp'
Building C object CMakeFiles/cmTC_15d25.dir/src.c.o
/usr/bin/cc    -O3 -DNDEBUG   -fsigned-char -W -Wall -Werror=return-type -Werror=non-virtual-dtor -Werror=address -Werror=sequence-point -Wformat -Werror=format-security -Wmissing-declarations -Wmissing-prototypes -Wstrict-prototypes -Wundef -Winit-self -Wpointer-arith -Wshadow -Wno-narrowing -Wno-unnamed-type-template-args -o CMakeFiles/cmTC_15d25.dir/src.c.o   -c /home/cleverson/pessoal/cleverson/workspace/mestrado/detector_humanos/OpenCV/build/CMakeFiles/CMakeTmp/src.c
/home/cleverson/pessoal/cleverson/workspace/mestrado/detector_humanos/OpenCV/build/CMakeFiles/CMakeTmp/src.c:1:0: warning: ignoring #pragma   [-Wunknown-pragmas]
 #pragma
 
cc1: warning: unrecognized command line option ‘-Wno-unnamed-type-template-args’
Linking C executable cmTC_15d25
/usr/bin/cmake -E cmake_link_script CMakeFiles/cmTC_15d25.dir/link.txt --verbose=1
/usr/bin/cc    -O3 -DNDEBUG    CMakeFiles/cmTC_15d25.dir/src.c.o  -o cmTC_15d25 -rdynamic 
make[1]: Leaving directory '/home/cleverson/pessoal/cleverson/workspace/mestrado/detector_humanos/OpenCV/build/CMakeFiles/CMakeTmp'

===== END =====

Build output check failed:
    Regex: 'command line option .* is valid for .* but not for C'
    Output line: 'cc1: warning: command line option ‘-fvisibility-inlines-hidden’ is valid for C++/ObjC++ but not for C'
Compilation failed:
    source file: '/home/cleverson/pessoal/cleverson/workspace/mestrado/detector_humanos/OpenCV/build/CMakeFiles/CMakeTmp/src.c'
    check option: ' -fsigned-char -W -Wall -Werror=return-type -Werror=non-virtual-dtor -Werror=address -Werror=sequence-point -Wformat -Werror=format-security -Wmissing-declarations -Wmissing-prototypes -Wstrict-prototypes -Wundef -Winit-self -Wpointer-arith -Wshadow -Wno-narrowing -Wno-comment -fdiagnostics-show-option -Wno-long-long -pthread -fomit-frame-pointer -msse -msse2 -mno-avx -msse3 -mno-ssse3 -mno-sse4.1 -mno-sse4.2 -ffunction-sections -fvisibility=hidden  -fvisibility-inlines-hidden'
===== BUILD LOG =====
Change Dir: /home/cleverson/pessoal/cleverson/workspace/mestrado/detector_humanos/OpenCV/build/CMakeFiles/CMakeTmp

Run Build Command:"/usr/bin/make" "cmTC_e4efc/fast"
/usr/bin/make -f CMakeFiles/cmTC_e4efc.dir/build.make CMakeFiles/cmTC_e4efc.dir/build
make[1]: Entering directory '/home/cleverson/pessoal/cleverson/workspace/mestrado/detector_humanos/OpenCV/build/CMakeFiles/CMakeTmp'
Building C object CMakeFiles/cmTC_e4efc.dir/src.c.o
/usr/bin/cc    -O3 -DNDEBUG   -fsigned-char -W -Wall -Werror=return-type -Werror=non-virtual-dtor -Werror=address -Werror=sequence-point -Wformat -Werror=format-security -Wmissing-declarations -Wmissing-prototypes -Wstrict-prototypes -Wundef -Winit-self -Wpointer-arith -Wshadow -Wno-narrowing -Wno-comment -fdiagnostics-show-option -Wno-long-long -pthread -fomit-frame-pointer -msse -msse2 -mno-avx -msse3 -mno-ssse3 -mno-sse4.1 -mno-sse4.2 -ffunction-sections -fvisibility=hidden -fvisibility-inlines-hidden -o CMakeFiles/cmTC_e4efc.dir/src.c.o   -c /home/cleverson/pessoal/cleverson/workspace/mestrado/detector_humanos/OpenCV/build/CMakeFiles/CMakeTmp/src.c
cc1: warning: command line option ‘-fvisibility-inlines-hidden’ is valid for C++/ObjC++ but not for C
/home/cleverson/pessoal/cleverson/workspace/mestrado/detector_humanos/OpenCV/build/CMakeFiles/CMakeTmp/src.c:1:0: warning: ignoring #pragma   [-Wunknown-pragmas]
 #pragma
 
Linking C executable cmTC_e4efc
/usr/bin/cmake -E cmake_link_script CMakeFiles/cmTC_e4efc.dir/link.txt --verbose=1
/usr/bin/cc    -O3 -DNDEBUG    CMakeFiles/cmTC_e4efc.dir/src.c.o  -o cmTC_e4efc -rdynamic 
make[1]: Leaving directory '/home/cleverson/pessoal/cleverson/workspace/mestrado/detector_humanos/OpenCV/build/CMakeFiles/CMakeTmp'

===== END =====

Determining if the include file linux/videodev.h exists failed with the following output:
Change Dir: /home/cleverson/pessoal/cleverson/workspace/mestrado/detector_humanos/OpenCV/build/CMakeFiles/CMakeTmp

Run Build Command:"/usr/bin/make" "cmTC_2dcde/fast"
/usr/bin/make -f CMakeFiles/cmTC_2dcde.dir/build.make CMakeFiles/cmTC_2dcde.dir/build
make[1]: Entering directory '/home/cleverson/pessoal/cleverson/workspace/mestrado/detector_humanos/OpenCV/build/CMakeFiles/CMakeTmp'
Building C object CMakeFiles/cmTC_2dcde.dir/CheckIncludeFile.c.o
/usr/bin/cc    -fsigned-char -W -Wall -Werror=return-type -Werror=non-virtual-dtor -Werror=address -Werror=sequence-point -Wformat -Werror=format-security -Wmissing-declarations -Wmissing-prototypes -Wstrict-prototypes -Wundef -Winit-self -Wpointer-arith -Wshadow -Wno-narrowing -Wno-comment -fdiagnostics-show-option -Wno-long-long -pthread -fomit-frame-pointer -msse -msse2 -mno-avx -msse3 -mno-ssse3 -mno-sse4.1 -mno-sse4.2 -ffunction-sections -fvisibility=hidden  -O3 -DNDEBUG   -o CMakeFiles/cmTC_2dcde.dir/CheckIncludeFile.c.o   -c /home/cleverson/pessoal/cleverson/workspace/mestrado/detector_humanos/OpenCV/build/CMakeFiles/CMakeTmp/CheckIncludeFile.c
/home/cleverson/pessoal/cleverson/workspace/mestrado/detector_humanos/OpenCV/build/CMakeFiles/CMakeTmp/CheckIncludeFile.c:1:28: fatal error: linux/videodev.h: No such file or directory
 #include <linux/videodev.h>
                            ^
compilation terminated.
CMakeFiles/cmTC_2dcde.dir/build.make:65: recipe for target 'CMakeFiles/cmTC_2dcde.dir/CheckIncludeFile.c.o' failed
make[1]: *** [CMakeFiles/cmTC_2dcde.dir/CheckIncludeFile.c.o] Error 1
make[1]: Leaving directory '/home/cleverson/pessoal/cleverson/workspace/mestrado/detector_humanos/OpenCV/build/CMakeFiles/CMakeTmp'
Makefile:126: recipe for target 'cmTC_2dcde/fast' failed
make: *** [cmTC_2dcde/fast] Error 2


Determining if the include file sys/videoio.h exists failed with the following output:
Change Dir: /home/cleverson/pessoal/cleverson/workspace/mestrado/detector_humanos/OpenCV/build/CMakeFiles/CMakeTmp

Run Build Command:"/usr/bin/make" "cmTC_59625/fast"
/usr/bin/make -f CMakeFiles/cmTC_59625.dir/build.make CMakeFiles/cmTC_59625.dir/build
make[1]: Entering directory '/home/cleverson/pessoal/cleverson/workspace/mestrado/detector_humanos/OpenCV/build/CMakeFiles/CMakeTmp'
Building C object CMakeFiles/cmTC_59625.dir/CheckIncludeFile.c.o
/usr/bin/cc    -fsigned-char -W -Wall -Werror=return-type -Werror=non-virtual-dtor -Werror=address -Werror=sequence-point -Wformat -Werror=format-security -Wmissing-declarations -Wmissing-prototypes -Wstrict-prototypes -Wundef -Winit-self -Wpointer-arith -Wshadow -Wno-narrowing -Wno-comment -fdiagnostics-show-option -Wno-long-long -pthread -fomit-frame-pointer -msse -msse2 -mno-avx -msse3 -mno-ssse3 -mno-sse4.1 -mno-sse4.2 -ffunction-sections -fvisibility=hidden  -O3 -DNDEBUG   -o CMakeFiles/cmTC_59625.dir/CheckIncludeFile.c.o   -c /home/cleverson/pessoal/cleverson/workspace/mestrado/detector_humanos/OpenCV/build/CMakeFiles/CMakeTmp/CheckIncludeFile.c
/home/cleverson/pessoal/cleverson/workspace/mestrado/detector_humanos/OpenCV/build/CMakeFiles/CMakeTmp/CheckIncludeFile.c:1:25: fatal error: sys/videoio.h: No such file or directory
 #include <sys/videoio.h>
                         ^
compilation terminated.
CMakeFiles/cmTC_59625.dir/build.make:65: recipe for target 'CMakeFiles/cmTC_59625.dir/CheckIncludeFile.c.o' failed
make[1]: *** [CMakeFiles/cmTC_59625.dir/CheckIncludeFile.c.o] Error 1
make[1]: Leaving directory '/home/cleverson/pessoal/cleverson/workspace/mestrado/detector_humanos/OpenCV/build/CMakeFiles/CMakeTmp'
Makefile:126: recipe for target 'cmTC_59625/fast' failed
make: *** [cmTC_59625/fast] Error 2


Build output check failed:
    Regex: 'unrecognized .*option'
    Output line: 'cc1plus: warning: unrecognized command line option ‘-Wno-unused-private-field’'
Compilation failed:
    source file: '/home/cleverson/pessoal/cleverson/workspace/mestrado/detector_humanos/OpenCV/build/CMakeFiles/CMakeTmp/src.cxx'
    check option: ' -Wno-unused-private-field'
===== BUILD LOG =====
Change Dir: /home/cleverson/pessoal/cleverson/workspace/mestrado/detector_humanos/OpenCV/build/CMakeFiles/CMakeTmp

Run Build Command:"/usr/bin/make" "cmTC_b3d59/fast"
/usr/bin/make -f CMakeFiles/cmTC_b3d59.dir/build.make CMakeFiles/cmTC_b3d59.dir/build
make[1]: Entering directory '/home/cleverson/pessoal/cleverson/workspace/mestrado/detector_humanos/OpenCV/build/CMakeFiles/CMakeTmp'
Building CXX object CMakeFiles/cmTC_b3d59.dir/src.cxx.o
/usr/bin/c++     -fsigned-char -W -Wall -Werror=return-type -Werror=non-virtual-dtor -Werror=address -Werror=sequence-point -Wformat -Werror=format-security -Wmissing-declarations -Wundef -Winit-self -Wpointer-arith -Wshadow -Wsign-promo -Wno-narrowing -Wno-delete-non-virtual-dtor -Wno-comment -fdiagnostics-show-option -Wno-long-long -pthread -fomit-frame-pointer -msse -msse2 -mno-avx -msse3 -mno-ssse3 -mno-sse4.1 -mno-sse4.2 -ffunction-sections -fvisibility=hidden -fvisibility-inlines-hidden -Wno-unused-function -Wno-overloaded-virtual  -O3 -DNDEBUG   -Wno-unused-private-field -o CMakeFiles/cmTC_b3d59.dir/src.cxx.o -c /home/cleverson/pessoal/cleverson/workspace/mestrado/detector_humanos/OpenCV/build/CMakeFiles/CMakeTmp/src.cxx
/home/cleverson/pessoal/cleverson/workspace/mestrado/detector_humanos/OpenCV/build/CMakeFiles/CMakeTmp/src.cxx:1:0: warning: ignoring #pragma   [-Wunknown-pragmas]
 #pragma
 
cc1plus: warning: unrecognized command line option ‘-Wno-unused-private-field’
Linking CXX executable cmTC_b3d59
/usr/bin/cmake -E cmake_link_script CMakeFiles/cmTC_b3d59.dir/link.txt --verbose=1
/usr/bin/c++      -fsigned-char -W -Wall -Werror=return-type -Werror=non-virtual-dtor -Werror=address -Werror=sequence-point -Wformat -Werror=format-security -Wmissing-declarations -Wundef -Winit-self -Wpointer-arith -Wshadow -Wsign-promo -Wno-narrowing -Wno-delete-non-virtual-dtor -Wno-comment -fdiagnostics-show-option -Wno-long-long -pthread -fomit-frame-pointer -msse -msse2 -mno-avx -msse3 -mno-ssse3 -mno-sse4.1 -mno-sse4.2 -ffunction-sections -fvisibility=hidden -fvisibility-inlines-hidden -Wno-unused-function -Wno-overloaded-virtual  -O3 -DNDEBUG    CMakeFiles/cmTC_b3d59.dir/src.cxx.o  -o cmTC_b3d59 -rdynamic 
make[1]: Leaving directory '/home/cleverson/pessoal/cleverson/workspace/mestrado/detector_humanos/OpenCV/build/CMakeFiles/CMakeTmp'

===== END =====

Determining if the include file linux/videodev.h exists failed with the following output:
Change Dir: /home/cleverson/pessoal/cleverson/workspace/mestrado/detector_humanos/OpenCV/build/CMakeFiles/CMakeTmp

Run Build Command:"/usr/bin/make" "cmTC_b5c19/fast"
/usr/bin/make -f CMakeFiles/cmTC_b5c19.dir/build.make CMakeFiles/cmTC_b5c19.dir/build
make[1]: Entering directory '/home/cleverson/pessoal/cleverson/workspace/mestrado/detector_humanos/OpenCV/build/CMakeFiles/CMakeTmp'
Building C object CMakeFiles/cmTC_b5c19.dir/CheckIncludeFile.c.o
/usr/bin/cc    -fsigned-char -W -Wall -Werror=return-type -Werror=non-virtual-dtor -Werror=address -Werror=sequence-point -Wformat -Werror=format-security -Wmissing-declarations -Wmissing-prototypes -Wstrict-prototypes -Wundef -Winit-self -Wpointer-arith -Wshadow -Wno-narrowing -Wno-comment -fdiagnostics-show-option -Wno-long-long -pthread -fomit-frame-pointer -msse -msse2 -mno-avx -msse3 -mno-ssse3 -mno-sse4.1 -mno-sse4.2 -ffunction-sections -fvisibility=hidden  -O3 -DNDEBUG   -o CMakeFiles/cmTC_b5c19.dir/CheckIncludeFile.c.o   -c /home/cleverson/pessoal/cleverson/workspace/mestrado/detector_humanos/OpenCV/build/CMakeFiles/CMakeTmp/CheckIncludeFile.c
/home/cleverson/pessoal/cleverson/workspace/mestrado/detector_humanos/OpenCV/build/CMakeFiles/CMakeTmp/CheckIncludeFile.c:1:28: fatal error: linux/videodev.h: No such file or directory
 #include <linux/videodev.h>
                            ^
compilation terminated.
CMakeFiles/cmTC_b5c19.dir/build.make:65: recipe for target 'CMakeFiles/cmTC_b5c19.dir/CheckIncludeFile.c.o' failed
make[1]: *** [CMakeFiles/cmTC_b5c19.dir/CheckIncludeFile.c.o] Error 1
make[1]: Leaving directory '/home/cleverson/pessoal/cleverson/workspace/mestrado/detector_humanos/OpenCV/build/CMakeFiles/CMakeTmp'
Makefile:126: recipe for target 'cmTC_b5c19/fast' failed
make: *** [cmTC_b5c19/fast] Error 2


Determining if the include file sys/videoio.h exists failed with the following output:
Change Dir: /home/cleverson/pessoal/cleverson/workspace/mestrado/detector_humanos/OpenCV/build/CMakeFiles/CMakeTmp

Run Build Command:"/usr/bin/make" "cmTC_c9a29/fast"
/usr/bin/make -f CMakeFiles/cmTC_c9a29.dir/build.make CMakeFiles/cmTC_c9a29.dir/build
make[1]: Entering directory '/home/cleverson/pessoal/cleverson/workspace/mestrado/detector_humanos/OpenCV/build/CMakeFiles/CMakeTmp'
Building C object CMakeFiles/cmTC_c9a29.dir/CheckIncludeFile.c.o
/usr/bin/cc    -fsigned-char -W -Wall -Werror=return-type -Werror=non-virtual-dtor -Werror=address -Werror=sequence-point -Wformat -Werror=format-security -Wmissing-declarations -Wmissing-prototypes -Wstrict-prototypes -Wundef -Winit-self -Wpointer-arith -Wshadow -Wno-narrowing -Wno-comment -fdiagnostics-show-option -Wno-long-long -pthread -fomit-frame-pointer -msse -msse2 -mno-avx -msse3 -mno-ssse3 -mno-sse4.1 -mno-sse4.2 -ffunction-sections -fvisibility=hidden  -O3 -DNDEBUG   -o CMakeFiles/cmTC_c9a29.dir/CheckIncludeFile.c.o   -c /home/cleverson/pessoal/cleverson/workspace/mestrado/detector_humanos/OpenCV/build/CMakeFiles/CMakeTmp/CheckIncludeFile.c
/home/cleverson/pessoal/cleverson/workspace/mestrado/detector_humanos/OpenCV/build/CMakeFiles/CMakeTmp/CheckIncludeFile.c:1:25: fatal error: sys/videoio.h: No such file or directory
 #include <sys/videoio.h>
                         ^
compilation terminated.
CMakeFiles/cmTC_c9a29.dir/build.make:65: recipe for target 'CMakeFiles/cmTC_c9a29.dir/CheckIncludeFile.c.o' failed
make[1]: *** [CMakeFiles/cmTC_c9a29.dir/CheckIncludeFile.c.o] Error 1
make[1]: Leaving directory '/home/cleverson/pessoal/cleverson/workspace/mestrado/detector_humanos/OpenCV/build/CMakeFiles/CMakeTmp'
Makefile:126: recipe for target 'cmTC_c9a29/fast' failed
make: *** [cmTC_c9a29/fast] Error 2


